<?xml version="1.0" encoding="UTF-8"?>
<!-- Generated by org.testng.reporters.JUnitXMLReporter -->
<testsuite ignored="0" hostname="DESKTOP-USC532Q" failures="0" tests="3" name="Default test" time="0.2" errors="0" timestamp="2021-05-15T10:03:40 IST">
  <testcase classname="QKTraining.CalcilatorAPIDemo.AdditionTestCases" name="TestAdditionWithPositiveNumbers" time="0.014"/>
  <testcase classname="QKTraining.CalcilatorAPIDemo.AdditionTestCases" name="TestAdditionWithZeros" time="0.012"/>
  <testcase classname="QKTraining.CalcilatorAPIDemo.AdditionTestCases" name="TestAdditionWithOnePositiveOneNegative" time="0.016"/>
</testsuite> <!-- Default test -->
