<?xml version="1.0" encoding="UTF-8"?>
<testng-results ignored="0" total="3" passed="3" failed="0" skipped="0">
  <reporter-output>
  </reporter-output>
  <suite started-at="2021-05-15T10:03:39 IST" name="Default suite" finished-at="2021-05-15T10:03:40 IST" duration-ms="200">
    <groups>
      <group name="RegressionTest">
        <method signature="AdditionTestCases.TestAdditionWithPositiveNumbers()[pri:1, instance:QKTraining.CalcilatorAPIDemo.AdditionTestCases@5f683daf]" name="TestAdditionWithPositiveNumbers" class="QKTraining.CalcilatorAPIDemo.AdditionTestCases"/>
        <method signature="AdditionTestCases.TestAdditionWithZeros()[pri:2, instance:QKTraining.CalcilatorAPIDemo.AdditionTestCases@5f683daf]" name="TestAdditionWithZeros" class="QKTraining.CalcilatorAPIDemo.AdditionTestCases"/>
      </group> <!-- RegressionTest -->
    </groups>
    <test started-at="2021-05-15T10:03:39 IST" name="Default test" finished-at="2021-05-15T10:03:40 IST" duration-ms="200">
      <class name="QKTraining.CalcilatorAPIDemo.AdditionTestCases">
        <test-method is-config="true" signature="Init()[pri:0, instance:QKTraining.CalcilatorAPIDemo.AdditionTestCases@5f683daf]" started-at="2021-05-15T10:03:39 IST" name="Init" finished-at="2021-05-15T10:03:39 IST" duration-ms="18" status="PASS">
          <reporter-output>
          </reporter-output>
        </test-method> <!-- Init -->
        <test-method is-config="true" signature="ReInitialiseResultVar()[pri:0, instance:QKTraining.CalcilatorAPIDemo.AdditionTestCases@5f683daf]" started-at="2021-05-15T10:03:40 IST" name="ReInitialiseResultVar" finished-at="2021-05-15T10:03:40 IST" duration-ms="1" status="PASS">
          <reporter-output>
          </reporter-output>
        </test-method> <!-- ReInitialiseResultVar -->
        <test-method signature="TestAdditionWithPositiveNumbers()[pri:1, instance:QKTraining.CalcilatorAPIDemo.AdditionTestCases@5f683daf]" started-at="2021-05-15T10:03:40 IST" name="TestAdditionWithPositiveNumbers" finished-at="2021-05-15T10:03:40 IST" duration-ms="14" status="PASS">
          <reporter-output>
          </reporter-output>
        </test-method> <!-- TestAdditionWithPositiveNumbers -->
        <test-method is-config="true" signature="ReInitialiseResultVar()[pri:0, instance:QKTraining.CalcilatorAPIDemo.AdditionTestCases@5f683daf]" started-at="2021-05-15T10:03:40 IST" name="ReInitialiseResultVar" finished-at="2021-05-15T10:03:40 IST" duration-ms="19" status="PASS">
          <reporter-output>
          </reporter-output>
        </test-method> <!-- ReInitialiseResultVar -->
        <test-method signature="TestAdditionWithZeros()[pri:2, instance:QKTraining.CalcilatorAPIDemo.AdditionTestCases@5f683daf]" started-at="2021-05-15T10:03:40 IST" name="TestAdditionWithZeros" finished-at="2021-05-15T10:03:40 IST" duration-ms="12" status="PASS">
          <reporter-output>
          </reporter-output>
        </test-method> <!-- TestAdditionWithZeros -->
        <test-method is-config="true" signature="ReInitialiseResultVar()[pri:0, instance:QKTraining.CalcilatorAPIDemo.AdditionTestCases@5f683daf]" started-at="2021-05-15T10:03:40 IST" name="ReInitialiseResultVar" finished-at="2021-05-15T10:03:40 IST" duration-ms="2" status="PASS">
          <reporter-output>
          </reporter-output>
        </test-method> <!-- ReInitialiseResultVar -->
        <test-method signature="TestAdditionWithOnePositiveOneNegative()[pri:3, instance:QKTraining.CalcilatorAPIDemo.AdditionTestCases@5f683daf]" started-at="2021-05-15T10:03:40 IST" name="TestAdditionWithOnePositiveOneNegative" finished-at="2021-05-15T10:03:40 IST" duration-ms="16" status="PASS">
          <reporter-output>
          </reporter-output>
        </test-method> <!-- TestAdditionWithOnePositiveOneNegative -->
        <test-method is-config="true" signature="TearDown()[pri:0, instance:QKTraining.CalcilatorAPIDemo.AdditionTestCases@5f683daf]" started-at="2021-05-15T10:03:40 IST" name="TearDown" finished-at="2021-05-15T10:03:40 IST" duration-ms="1" status="PASS">
          <reporter-output>
          </reporter-output>
        </test-method> <!-- TearDown -->
      </class> <!-- QKTraining.CalcilatorAPIDemo.AdditionTestCases -->
    </test> <!-- Default test -->
  </suite> <!-- Default suite -->
</testng-results>
