<?xml version="1.0" encoding="UTF-8"?>
<testng-results ignored="0" total="5" passed="5" failed="0" skipped="0">
  <reporter-output>
  </reporter-output>
  <suite started-at="2021-05-17T11:13:12 IST" name="TestingCalculatorAPI" finished-at="2021-05-17T11:13:12 IST" duration-ms="279">
    <groups>
      <group name="RegressionTest">
        <method signature="AdditionTestCases.TestAdditionWithPositiveNumbers()[pri:1, instance:QKTraining.CalcilatorAPIDemo.AdditionTestCases@53aad5d5]" name="TestAdditionWithPositiveNumbers" class="QKTraining.CalcilatorAPIDemo.AdditionTestCases"/>
        <method signature="AdditionTestCases.TestAdditionWithZeros()[pri:2, instance:QKTraining.CalcilatorAPIDemo.AdditionTestCases@53aad5d5]" name="TestAdditionWithZeros" class="QKTraining.CalcilatorAPIDemo.AdditionTestCases"/>
        <method signature="TestingSubtractionTestCases.TestSubtractionWithPositiveNumbers()[pri:1, instance:QKTraining.CalcilatorAPIDemo.TestingSubtractionTestCases@19d481b]" name="TestSubtractionWithPositiveNumbers" class="QKTraining.CalcilatorAPIDemo.TestingSubtractionTestCases"/>
      </group> <!-- RegressionTest -->
    </groups>
    <test started-at="2021-05-17T11:13:12 IST" name="AdditionTestCases" finished-at="2021-05-17T11:13:12 IST" duration-ms="119">
      <class name="QKTraining.CalcilatorAPIDemo.AdditionTestCases">
        <test-method is-config="true" signature="Init()[pri:0, instance:QKTraining.CalcilatorAPIDemo.AdditionTestCases@53aad5d5]" started-at="2021-05-17T11:13:12 IST" name="Init" finished-at="2021-05-17T11:13:12 IST" duration-ms="14" status="PASS">
          <reporter-output>
          </reporter-output>
        </test-method> <!-- Init -->
        <test-method is-config="true" signature="ReInitialiseResultVar()[pri:0, instance:QKTraining.CalcilatorAPIDemo.AdditionTestCases@53aad5d5]" started-at="2021-05-17T11:13:12 IST" name="ReInitialiseResultVar" finished-at="2021-05-17T11:13:12 IST" duration-ms="0" status="PASS">
          <reporter-output>
          </reporter-output>
        </test-method> <!-- ReInitialiseResultVar -->
        <test-method signature="TestAdditionWithPositiveNumbers()[pri:1, instance:QKTraining.CalcilatorAPIDemo.AdditionTestCases@53aad5d5]" started-at="2021-05-17T11:13:12 IST" name="TestAdditionWithPositiveNumbers" finished-at="2021-05-17T11:13:12 IST" duration-ms="13" status="PASS">
          <reporter-output>
          </reporter-output>
        </test-method> <!-- TestAdditionWithPositiveNumbers -->
        <test-method is-config="true" signature="ReInitialiseResultVar()[pri:0, instance:QKTraining.CalcilatorAPIDemo.AdditionTestCases@53aad5d5]" started-at="2021-05-17T11:13:12 IST" name="ReInitialiseResultVar" finished-at="2021-05-17T11:13:12 IST" duration-ms="3" status="PASS">
          <reporter-output>
          </reporter-output>
        </test-method> <!-- ReInitialiseResultVar -->
        <test-method signature="TestAdditionWithZeros()[pri:2, instance:QKTraining.CalcilatorAPIDemo.AdditionTestCases@53aad5d5]" started-at="2021-05-17T11:13:12 IST" name="TestAdditionWithZeros" finished-at="2021-05-17T11:13:12 IST" duration-ms="2" status="PASS">
          <reporter-output>
          </reporter-output>
        </test-method> <!-- TestAdditionWithZeros -->
        <test-method is-config="true" signature="ReInitialiseResultVar()[pri:0, instance:QKTraining.CalcilatorAPIDemo.AdditionTestCases@53aad5d5]" started-at="2021-05-17T11:13:12 IST" name="ReInitialiseResultVar" finished-at="2021-05-17T11:13:12 IST" duration-ms="0" status="PASS">
          <reporter-output>
          </reporter-output>
        </test-method> <!-- ReInitialiseResultVar -->
        <test-method signature="TestAdditionWithOnePositiveOneNegative()[pri:3, instance:QKTraining.CalcilatorAPIDemo.AdditionTestCases@53aad5d5]" started-at="2021-05-17T11:13:12 IST" name="TestAdditionWithOnePositiveOneNegative" finished-at="2021-05-17T11:13:12 IST" duration-ms="4" status="PASS">
          <reporter-output>
          </reporter-output>
        </test-method> <!-- TestAdditionWithOnePositiveOneNegative -->
        <test-method is-config="true" signature="TearDown()[pri:0, instance:QKTraining.CalcilatorAPIDemo.AdditionTestCases@53aad5d5]" started-at="2021-05-17T11:13:12 IST" name="TearDown" finished-at="2021-05-17T11:13:12 IST" duration-ms="5" status="PASS">
          <reporter-output>
          </reporter-output>
        </test-method> <!-- TearDown -->
      </class> <!-- QKTraining.CalcilatorAPIDemo.AdditionTestCases -->
    </test> <!-- AdditionTestCases -->
    <test started-at="2021-05-17T11:13:12 IST" name="SubtractionTestCases" finished-at="2021-05-17T11:13:12 IST" duration-ms="27">
      <class name="QKTraining.CalcilatorAPIDemo.TestingSubtractionTestCases">
        <test-method is-config="true" signature="Init()[pri:0, instance:QKTraining.CalcilatorAPIDemo.TestingSubtractionTestCases@19d481b]" started-at="2021-05-17T11:13:12 IST" name="Init" finished-at="2021-05-17T11:13:12 IST" duration-ms="1" status="PASS">
          <reporter-output>
          </reporter-output>
        </test-method> <!-- Init -->
        <test-method is-config="true" signature="ReInitialise()[pri:0, instance:QKTraining.CalcilatorAPIDemo.TestingSubtractionTestCases@19d481b]" started-at="2021-05-17T11:13:12 IST" name="ReInitialise" finished-at="2021-05-17T11:13:12 IST" duration-ms="0" status="PASS">
          <reporter-output>
          </reporter-output>
        </test-method> <!-- ReInitialise -->
        <test-method signature="TestSubtractionWithPositiveNumbers()[pri:1, instance:QKTraining.CalcilatorAPIDemo.TestingSubtractionTestCases@19d481b]" started-at="2021-05-17T11:13:12 IST" name="TestSubtractionWithPositiveNumbers" finished-at="2021-05-17T11:13:12 IST" duration-ms="2" status="PASS">
          <reporter-output>
          </reporter-output>
        </test-method> <!-- TestSubtractionWithPositiveNumbers -->
        <test-method is-config="true" signature="ReInitialise()[pri:0, instance:QKTraining.CalcilatorAPIDemo.TestingSubtractionTestCases@19d481b]" started-at="2021-05-17T11:13:12 IST" name="ReInitialise" finished-at="2021-05-17T11:13:12 IST" duration-ms="1" status="PASS">
          <reporter-output>
          </reporter-output>
        </test-method> <!-- ReInitialise -->
        <test-method signature="TestSubtractionWith1Positive1NegativeNumber()[pri:2, instance:QKTraining.CalcilatorAPIDemo.TestingSubtractionTestCases@19d481b]" started-at="2021-05-17T11:13:12 IST" name="TestSubtractionWith1Positive1NegativeNumber" finished-at="2021-05-17T11:13:12 IST" duration-ms="5" status="PASS">
          <reporter-output>
          </reporter-output>
        </test-method> <!-- TestSubtractionWith1Positive1NegativeNumber -->
        <test-method is-config="true" signature="TearDown()[pri:0, instance:QKTraining.CalcilatorAPIDemo.TestingSubtractionTestCases@19d481b]" started-at="2021-05-17T11:13:12 IST" name="TearDown" finished-at="2021-05-17T11:13:12 IST" duration-ms="1" status="PASS">
          <reporter-output>
          </reporter-output>
        </test-method> <!-- TearDown -->
      </class> <!-- QKTraining.CalcilatorAPIDemo.TestingSubtractionTestCases -->
    </test> <!-- SubtractionTestCases -->
  </suite> <!-- TestingCalculatorAPI -->
</testng-results>
