<?xml version="1.0" encoding="UTF-8"?>
<testng-results ignored="0" total="4" passed="4" failed="0" skipped="0">
  <reporter-output>
  </reporter-output>
  <suite started-at="2021-05-17T11:37:28 IST" name="TestingCalculatorAPI" finished-at="2021-05-17T11:37:28 IST" duration-ms="328">
    <groups>
      <group name="RegressionTest">
        <method signature="AdditionTestCases.TestAdditionWithPositiveNumbers()[pri:1, instance:QKTraining.CalcilatorAPIDemo.AdditionTestCases@41c2284a]" name="TestAdditionWithPositiveNumbers" class="QKTraining.CalcilatorAPIDemo.AdditionTestCases"/>
        <method signature="AdditionTestCases.TestAdditionWithZeros()[pri:2, instance:QKTraining.CalcilatorAPIDemo.AdditionTestCases@41c2284a]" name="TestAdditionWithZeros" class="QKTraining.CalcilatorAPIDemo.AdditionTestCases"/>
        <method signature="TestingSubtractionTestCases.TestSubtractionWithPositiveNumbers()[pri:1, instance:QKTraining.CalcilatorAPIDemo.TestingSubtractionTestCases@51f116b8]" name="TestSubtractionWithPositiveNumbers" class="QKTraining.CalcilatorAPIDemo.TestingSubtractionTestCases"/>
      </group> <!-- RegressionTest -->
    </groups>
    <test started-at="2021-05-17T11:37:28 IST" name="AdditionTestCases" finished-at="2021-05-17T11:37:28 IST" duration-ms="91">
      <class name="QKTraining.CalcilatorAPIDemo.AdditionTestCases">
        <test-method is-config="true" signature="Init()[pri:0, instance:QKTraining.CalcilatorAPIDemo.AdditionTestCases@41c2284a]" started-at="2021-05-17T11:37:28 IST" name="Init" finished-at="2021-05-17T11:37:28 IST" duration-ms="13" status="PASS">
          <reporter-output>
          </reporter-output>
        </test-method> <!-- Init -->
        <test-method is-config="true" signature="ReInitialiseResultVar()[pri:0, instance:QKTraining.CalcilatorAPIDemo.AdditionTestCases@41c2284a]" started-at="2021-05-17T11:37:28 IST" name="ReInitialiseResultVar" finished-at="2021-05-17T11:37:28 IST" duration-ms="0" status="PASS">
          <reporter-output>
          </reporter-output>
        </test-method> <!-- ReInitialiseResultVar -->
        <test-method signature="TestAdditionWithPositiveNumbers()[pri:1, instance:QKTraining.CalcilatorAPIDemo.AdditionTestCases@41c2284a]" started-at="2021-05-17T11:37:28 IST" name="TestAdditionWithPositiveNumbers" finished-at="2021-05-17T11:37:28 IST" duration-ms="11" status="PASS">
          <reporter-output>
          </reporter-output>
        </test-method> <!-- TestAdditionWithPositiveNumbers -->
        <test-method is-config="true" signature="ReInitialiseResultVar()[pri:0, instance:QKTraining.CalcilatorAPIDemo.AdditionTestCases@41c2284a]" started-at="2021-05-17T11:37:28 IST" name="ReInitialiseResultVar" finished-at="2021-05-17T11:37:28 IST" duration-ms="3" status="PASS">
          <reporter-output>
          </reporter-output>
        </test-method> <!-- ReInitialiseResultVar -->
        <test-method signature="TestAdditionWithZeros()[pri:2, instance:QKTraining.CalcilatorAPIDemo.AdditionTestCases@41c2284a]" started-at="2021-05-17T11:37:28 IST" name="TestAdditionWithZeros" finished-at="2021-05-17T11:37:28 IST" duration-ms="2" status="PASS">
          <reporter-output>
          </reporter-output>
        </test-method> <!-- TestAdditionWithZeros -->
        <test-method is-config="true" signature="TearDown()[pri:0, instance:QKTraining.CalcilatorAPIDemo.AdditionTestCases@41c2284a]" started-at="2021-05-17T11:37:28 IST" name="TearDown" finished-at="2021-05-17T11:37:28 IST" duration-ms="1" status="PASS">
          <reporter-output>
          </reporter-output>
        </test-method> <!-- TearDown -->
      </class> <!-- QKTraining.CalcilatorAPIDemo.AdditionTestCases -->
    </test> <!-- AdditionTestCases -->
    <test started-at="2021-05-17T11:37:28 IST" name="SubtractionTestCases" finished-at="2021-05-17T11:37:28 IST" duration-ms="39">
      <class name="QKTraining.CalcilatorAPIDemo.TestingSubtractionTestCases">
        <test-method is-config="true" signature="Init()[pri:0, instance:QKTraining.CalcilatorAPIDemo.TestingSubtractionTestCases@51f116b8]" started-at="2021-05-17T11:37:28 IST" name="Init" finished-at="2021-05-17T11:37:28 IST" duration-ms="0" status="PASS">
          <reporter-output>
          </reporter-output>
        </test-method> <!-- Init -->
        <test-method is-config="true" signature="ReInitialise()[pri:0, instance:QKTraining.CalcilatorAPIDemo.TestingSubtractionTestCases@51f116b8]" started-at="2021-05-17T11:37:28 IST" name="ReInitialise" finished-at="2021-05-17T11:37:28 IST" duration-ms="0" status="PASS">
          <reporter-output>
          </reporter-output>
        </test-method> <!-- ReInitialise -->
        <test-method signature="TestSubtractionWithPositiveNumbers()[pri:1, instance:QKTraining.CalcilatorAPIDemo.TestingSubtractionTestCases@51f116b8]" started-at="2021-05-17T11:37:28 IST" name="TestSubtractionWithPositiveNumbers" finished-at="2021-05-17T11:37:28 IST" duration-ms="5" status="PASS">
          <reporter-output>
          </reporter-output>
        </test-method> <!-- TestSubtractionWithPositiveNumbers -->
        <test-method is-config="true" signature="ReInitialise()[pri:0, instance:QKTraining.CalcilatorAPIDemo.TestingSubtractionTestCases@51f116b8]" started-at="2021-05-17T11:37:28 IST" name="ReInitialise" finished-at="2021-05-17T11:37:28 IST" duration-ms="0" status="PASS">
          <reporter-output>
          </reporter-output>
        </test-method> <!-- ReInitialise -->
        <test-method signature="TestSubtractionWith1Positive1NegativeNumber()[pri:2, instance:QKTraining.CalcilatorAPIDemo.TestingSubtractionTestCases@51f116b8]" started-at="2021-05-17T11:37:28 IST" name="TestSubtractionWith1Positive1NegativeNumber" finished-at="2021-05-17T11:37:28 IST" duration-ms="6" status="PASS">
          <reporter-output>
          </reporter-output>
        </test-method> <!-- TestSubtractionWith1Positive1NegativeNumber -->
        <test-method is-config="true" signature="TearDown()[pri:0, instance:QKTraining.CalcilatorAPIDemo.TestingSubtractionTestCases@51f116b8]" started-at="2021-05-17T11:37:28 IST" name="TearDown" finished-at="2021-05-17T11:37:28 IST" duration-ms="1" status="PASS">
          <reporter-output>
          </reporter-output>
        </test-method> <!-- TearDown -->
      </class> <!-- QKTraining.CalcilatorAPIDemo.TestingSubtractionTestCases -->
    </test> <!-- SubtractionTestCases -->
  </suite> <!-- TestingCalculatorAPI -->
</testng-results>
