<?xml version="1.0" encoding="UTF-8"?>
<testng-results ignored="0" total="8" passed="8" failed="0" skipped="0">
  <reporter-output>
  </reporter-output>
  <suite started-at="2021-05-18T13:01:38 IST" name="TestingCalculatorAPI" finished-at="2021-05-18T13:01:39 IST" duration-ms="306">
    <groups>
      <group name="RegressionTest">
        <method signature="AdditionTestCases.TestAdditionWithPositiveNumbers()[pri:1, instance:QKTraining.CalcilatorAPIDemo.AdditionTestCases@41c2284a]" name="TestAdditionWithPositiveNumbers" class="QKTraining.CalcilatorAPIDemo.AdditionTestCases"/>
        <method signature="AdditionTestCases.TestAdditionWithZeros()[pri:2, instance:QKTraining.CalcilatorAPIDemo.AdditionTestCases@41c2284a]" name="TestAdditionWithZeros" class="QKTraining.CalcilatorAPIDemo.AdditionTestCases"/>
        <method signature="TestingSubtractionTestCases.TestSubtractionWithPositiveNumbers()[pri:1, instance:QKTraining.CalcilatorAPIDemo.TestingSubtractionTestCases@51f116b8]" name="TestSubtractionWithPositiveNumbers" class="QKTraining.CalcilatorAPIDemo.TestingSubtractionTestCases"/>
        <method signature="TestMultiplication.TestMultiplicationWithPositiveValues(int, int, int)[pri:1, instance:QKTraining.CalcilatorAPIDemo.TestMultiplication@2cd2a21f]" name="TestMultiplicationWithPositiveValues" class="QKTraining.CalcilatorAPIDemo.TestMultiplication"/>
      </group> <!-- RegressionTest -->
    </groups>
    <test started-at="2021-05-18T13:01:38 IST" name="AdditionTestCases" finished-at="2021-05-18T13:01:39 IST" duration-ms="85">
      <class name="QKTraining.CalcilatorAPIDemo.AdditionTestCases">
        <test-method is-config="true" signature="Init()[pri:0, instance:QKTraining.CalcilatorAPIDemo.AdditionTestCases@41c2284a]" started-at="2021-05-18T13:01:38 IST" name="Init" finished-at="2021-05-18T13:01:38 IST" duration-ms="15" status="PASS">
          <reporter-output>
          </reporter-output>
        </test-method> <!-- Init -->
        <test-method is-config="true" signature="ReInitialiseResultVar()[pri:0, instance:QKTraining.CalcilatorAPIDemo.AdditionTestCases@41c2284a]" started-at="2021-05-18T13:01:38 IST" name="ReInitialiseResultVar" finished-at="2021-05-18T13:01:38 IST" duration-ms="0" status="PASS">
          <reporter-output>
          </reporter-output>
        </test-method> <!-- ReInitialiseResultVar -->
        <test-method signature="TestAdditionWithPositiveNumbers()[pri:1, instance:QKTraining.CalcilatorAPIDemo.AdditionTestCases@41c2284a]" started-at="2021-05-18T13:01:38 IST" name="TestAdditionWithPositiveNumbers" finished-at="2021-05-18T13:01:39 IST" duration-ms="12" status="PASS">
          <reporter-output>
          </reporter-output>
        </test-method> <!-- TestAdditionWithPositiveNumbers -->
        <test-method is-config="true" signature="ReInitialiseResultVar()[pri:0, instance:QKTraining.CalcilatorAPIDemo.AdditionTestCases@41c2284a]" started-at="2021-05-18T13:01:39 IST" name="ReInitialiseResultVar" finished-at="2021-05-18T13:01:39 IST" duration-ms="1" status="PASS">
          <reporter-output>
          </reporter-output>
        </test-method> <!-- ReInitialiseResultVar -->
        <test-method signature="TestAdditionWithZeros()[pri:2, instance:QKTraining.CalcilatorAPIDemo.AdditionTestCases@41c2284a]" started-at="2021-05-18T13:01:39 IST" name="TestAdditionWithZeros" finished-at="2021-05-18T13:01:39 IST" duration-ms="2" status="PASS">
          <reporter-output>
          </reporter-output>
        </test-method> <!-- TestAdditionWithZeros -->
        <test-method is-config="true" signature="TearDown()[pri:0, instance:QKTraining.CalcilatorAPIDemo.AdditionTestCases@41c2284a]" started-at="2021-05-18T13:01:39 IST" name="TearDown" finished-at="2021-05-18T13:01:39 IST" duration-ms="1" status="PASS">
          <reporter-output>
          </reporter-output>
        </test-method> <!-- TearDown -->
      </class> <!-- QKTraining.CalcilatorAPIDemo.AdditionTestCases -->
    </test> <!-- AdditionTestCases -->
    <test started-at="2021-05-18T13:01:39 IST" name="SubtractionTestCases" finished-at="2021-05-18T13:01:39 IST" duration-ms="16">
      <class name="QKTraining.CalcilatorAPIDemo.TestingSubtractionTestCases">
        <test-method is-config="true" signature="Init()[pri:0, instance:QKTraining.CalcilatorAPIDemo.TestingSubtractionTestCases@51f116b8]" started-at="2021-05-18T13:01:39 IST" name="Init" finished-at="2021-05-18T13:01:39 IST" duration-ms="1" status="PASS">
          <reporter-output>
          </reporter-output>
        </test-method> <!-- Init -->
        <test-method is-config="true" signature="ReInitialise()[pri:0, instance:QKTraining.CalcilatorAPIDemo.TestingSubtractionTestCases@51f116b8]" started-at="2021-05-18T13:01:39 IST" name="ReInitialise" finished-at="2021-05-18T13:01:39 IST" duration-ms="1" status="PASS">
          <reporter-output>
          </reporter-output>
        </test-method> <!-- ReInitialise -->
        <test-method signature="TestSubtractionWithPositiveNumbers()[pri:1, instance:QKTraining.CalcilatorAPIDemo.TestingSubtractionTestCases@51f116b8]" started-at="2021-05-18T13:01:39 IST" name="TestSubtractionWithPositiveNumbers" finished-at="2021-05-18T13:01:39 IST" duration-ms="2" status="PASS">
          <reporter-output>
          </reporter-output>
        </test-method> <!-- TestSubtractionWithPositiveNumbers -->
        <test-method is-config="true" signature="ReInitialise()[pri:0, instance:QKTraining.CalcilatorAPIDemo.TestingSubtractionTestCases@51f116b8]" started-at="2021-05-18T13:01:39 IST" name="ReInitialise" finished-at="2021-05-18T13:01:39 IST" duration-ms="0" status="PASS">
          <reporter-output>
          </reporter-output>
        </test-method> <!-- ReInitialise -->
        <test-method signature="TestSubtractionWith1Positive1NegativeNumber()[pri:2, instance:QKTraining.CalcilatorAPIDemo.TestingSubtractionTestCases@51f116b8]" started-at="2021-05-18T13:01:39 IST" name="TestSubtractionWith1Positive1NegativeNumber" finished-at="2021-05-18T13:01:39 IST" duration-ms="2" status="PASS">
          <reporter-output>
          </reporter-output>
        </test-method> <!-- TestSubtractionWith1Positive1NegativeNumber -->
        <test-method is-config="true" signature="TearDown()[pri:0, instance:QKTraining.CalcilatorAPIDemo.TestingSubtractionTestCases@51f116b8]" started-at="2021-05-18T13:01:39 IST" name="TearDown" finished-at="2021-05-18T13:01:39 IST" duration-ms="0" status="PASS">
          <reporter-output>
          </reporter-output>
        </test-method> <!-- TearDown -->
      </class> <!-- QKTraining.CalcilatorAPIDemo.TestingSubtractionTestCases -->
    </test> <!-- SubtractionTestCases -->
    <test started-at="2021-05-18T13:01:39 IST" name="MultiplicationTestCases" finished-at="2021-05-18T13:01:39 IST" duration-ms="46">
      <class name="QKTraining.CalcilatorAPIDemo.TestMultiplication">
        <test-method is-config="true" signature="Init()[pri:0, instance:QKTraining.CalcilatorAPIDemo.TestMultiplication@2cd2a21f]" started-at="2021-05-18T13:01:39 IST" name="Init" finished-at="2021-05-18T13:01:39 IST" duration-ms="0" status="PASS">
          <reporter-output>
          </reporter-output>
        </test-method> <!-- Init -->
        <test-method signature="TestMultiplicationWithPositiveValues(int, int, int)[pri:1, instance:QKTraining.CalcilatorAPIDemo.TestMultiplication@2cd2a21f]" started-at="2021-05-18T13:01:39 IST" name="TestMultiplicationWithPositiveValues" data-provider="ProvidePositiveValues" finished-at="2021-05-18T13:01:39 IST" duration-ms="3" status="PASS">
          <params>
            <param index="0">
              <value>
                <![CDATA[1]]>
              </value>
            </param>
            <param index="1">
              <value>
                <![CDATA[2]]>
              </value>
            </param>
            <param index="2">
              <value>
                <![CDATA[2]]>
              </value>
            </param>
          </params>
          <reporter-output>
          </reporter-output>
        </test-method> <!-- TestMultiplicationWithPositiveValues -->
        <test-method is-config="true" signature="ReInitialiseResult()[pri:0, instance:QKTraining.CalcilatorAPIDemo.TestMultiplication@2cd2a21f]" started-at="2021-05-18T13:01:39 IST" name="ReInitialiseResult" finished-at="2021-05-18T13:01:39 IST" duration-ms="0" status="PASS">
          <reporter-output>
          </reporter-output>
        </test-method> <!-- ReInitialiseResult -->
        <test-method is-config="true" signature="ReInitialiseResult()[pri:0, instance:QKTraining.CalcilatorAPIDemo.TestMultiplication@2cd2a21f]" started-at="2021-05-18T13:01:39 IST" name="ReInitialiseResult" finished-at="2021-05-18T13:01:39 IST" duration-ms="1" status="PASS">
          <reporter-output>
          </reporter-output>
        </test-method> <!-- ReInitialiseResult -->
        <test-method signature="TestMultiplicationWithPositiveValues(int, int, int)[pri:1, instance:QKTraining.CalcilatorAPIDemo.TestMultiplication@2cd2a21f]" started-at="2021-05-18T13:01:39 IST" name="TestMultiplicationWithPositiveValues" data-provider="ProvidePositiveValues" finished-at="2021-05-18T13:01:39 IST" duration-ms="2" status="PASS">
          <params>
            <param index="0">
              <value>
                <![CDATA[10]]>
              </value>
            </param>
            <param index="1">
              <value>
                <![CDATA[20]]>
              </value>
            </param>
            <param index="2">
              <value>
                <![CDATA[200]]>
              </value>
            </param>
          </params>
          <reporter-output>
          </reporter-output>
        </test-method> <!-- TestMultiplicationWithPositiveValues -->
        <test-method is-config="true" signature="ReInitialiseResult()[pri:0, instance:QKTraining.CalcilatorAPIDemo.TestMultiplication@2cd2a21f]" started-at="2021-05-18T13:01:39 IST" name="ReInitialiseResult" finished-at="2021-05-18T13:01:39 IST" duration-ms="0" status="PASS">
          <reporter-output>
          </reporter-output>
        </test-method> <!-- ReInitialiseResult -->
        <test-method signature="TestMultiplicationWithPositiveValues(int, int, int)[pri:1, instance:QKTraining.CalcilatorAPIDemo.TestMultiplication@2cd2a21f]" started-at="2021-05-18T13:01:39 IST" name="TestMultiplicationWithPositiveValues" data-provider="ProvidePositiveValues" finished-at="2021-05-18T13:01:39 IST" duration-ms="8" status="PASS">
          <params>
            <param index="0">
              <value>
                <![CDATA[1000]]>
              </value>
            </param>
            <param index="1">
              <value>
                <![CDATA[2000]]>
              </value>
            </param>
            <param index="2">
              <value>
                <![CDATA[2000000]]>
              </value>
            </param>
          </params>
          <reporter-output>
          </reporter-output>
        </test-method> <!-- TestMultiplicationWithPositiveValues -->
        <test-method is-config="true" signature="ReInitialiseResult()[pri:0, instance:QKTraining.CalcilatorAPIDemo.TestMultiplication@2cd2a21f]" started-at="2021-05-18T13:01:39 IST" name="ReInitialiseResult" finished-at="2021-05-18T13:01:39 IST" duration-ms="1" status="PASS">
          <reporter-output>
          </reporter-output>
        </test-method> <!-- ReInitialiseResult -->
        <test-method signature="TestMultiplicationWithPositiveValues(int, int, int)[pri:1, instance:QKTraining.CalcilatorAPIDemo.TestMultiplication@2cd2a21f]" started-at="2021-05-18T13:01:39 IST" name="TestMultiplicationWithPositiveValues" data-provider="ProvidePositiveValues" finished-at="2021-05-18T13:01:39 IST" duration-ms="5" status="PASS">
          <params>
            <param index="0">
              <value>
                <![CDATA[100]]>
              </value>
            </param>
            <param index="1">
              <value>
                <![CDATA[200]]>
              </value>
            </param>
            <param index="2">
              <value>
                <![CDATA[20000]]>
              </value>
            </param>
          </params>
          <reporter-output>
          </reporter-output>
        </test-method> <!-- TestMultiplicationWithPositiveValues -->
      </class> <!-- QKTraining.CalcilatorAPIDemo.TestMultiplication -->
    </test> <!-- MultiplicationTestCases -->
  </suite> <!-- TestingCalculatorAPI -->
</testng-results>
