<?xml version="1.0" encoding="UTF-8"?>
<testng-results ignored="0" total="2" passed="2" failed="0" skipped="0">
  <reporter-output>
  </reporter-output>
  <suite started-at="2021-05-17T11:32:09 IST" name="Default suite" finished-at="2021-05-17T11:32:09 IST" duration-ms="151">
    <groups>
      <group name="RegressionTest">
        <method signature="AdditionTestCases.TestAdditionWithPositiveNumbers()[pri:1, instance:QKTraining.CalcilatorAPIDemo.AdditionTestCases@6c779568]" name="TestAdditionWithPositiveNumbers" class="QKTraining.CalcilatorAPIDemo.AdditionTestCases"/>
        <method signature="AdditionTestCases.TestAdditionWithZeros()[pri:2, instance:QKTraining.CalcilatorAPIDemo.AdditionTestCases@6c779568]" name="TestAdditionWithZeros" class="QKTraining.CalcilatorAPIDemo.AdditionTestCases"/>
      </group> <!-- RegressionTest -->
    </groups>
    <test started-at="2021-05-17T11:32:09 IST" name="Default test" finished-at="2021-05-17T11:32:09 IST" duration-ms="151">
      <class name="QKTraining.CalcilatorAPIDemo.AdditionTestCases">
        <test-method is-config="true" signature="Init()[pri:0, instance:QKTraining.CalcilatorAPIDemo.AdditionTestCases@6c779568]" started-at="2021-05-17T11:32:09 IST" name="Init" finished-at="2021-05-17T11:32:09 IST" duration-ms="20" status="PASS">
          <reporter-output>
          </reporter-output>
        </test-method> <!-- Init -->
        <test-method is-config="true" signature="ReInitialiseResultVar()[pri:0, instance:QKTraining.CalcilatorAPIDemo.AdditionTestCases@6c779568]" started-at="2021-05-17T11:32:09 IST" name="ReInitialiseResultVar" finished-at="2021-05-17T11:32:09 IST" duration-ms="0" status="PASS">
          <reporter-output>
          </reporter-output>
        </test-method> <!-- ReInitialiseResultVar -->
        <test-method signature="TestAdditionWithPositiveNumbers()[pri:1, instance:QKTraining.CalcilatorAPIDemo.AdditionTestCases@6c779568]" started-at="2021-05-17T11:32:09 IST" name="TestAdditionWithPositiveNumbers" finished-at="2021-05-17T11:32:09 IST" duration-ms="19" status="PASS">
          <reporter-output>
          </reporter-output>
        </test-method> <!-- TestAdditionWithPositiveNumbers -->
        <test-method is-config="true" signature="ReInitialiseResultVar()[pri:0, instance:QKTraining.CalcilatorAPIDemo.AdditionTestCases@6c779568]" started-at="2021-05-17T11:32:09 IST" name="ReInitialiseResultVar" finished-at="2021-05-17T11:32:09 IST" duration-ms="1" status="PASS">
          <reporter-output>
          </reporter-output>
        </test-method> <!-- ReInitialiseResultVar -->
        <test-method signature="TestAdditionWithZeros()[pri:2, instance:QKTraining.CalcilatorAPIDemo.AdditionTestCases@6c779568]" started-at="2021-05-17T11:32:09 IST" name="TestAdditionWithZeros" finished-at="2021-05-17T11:32:09 IST" duration-ms="2" status="PASS">
          <reporter-output>
          </reporter-output>
        </test-method> <!-- TestAdditionWithZeros -->
        <test-method is-config="true" signature="TearDown()[pri:0, instance:QKTraining.CalcilatorAPIDemo.AdditionTestCases@6c779568]" started-at="2021-05-17T11:32:09 IST" name="TearDown" finished-at="2021-05-17T11:32:09 IST" duration-ms="0" status="PASS">
          <reporter-output>
          </reporter-output>
        </test-method> <!-- TearDown -->
      </class> <!-- QKTraining.CalcilatorAPIDemo.AdditionTestCases -->
    </test> <!-- Default test -->
  </suite> <!-- Default suite -->
</testng-results>
