<?xml version="1.0" encoding="UTF-8"?>
<testng-results ignored="0" total="2" passed="2" failed="0" skipped="0">
  <reporter-output>
  </reporter-output>
  <suite started-at="2021-05-15T10:39:25 IST" name="Default suite" finished-at="2021-05-15T10:39:26 IST" duration-ms="123">
    <groups>
      <group name="RegressionTest">
        <method signature="TestingSubtractionTestCases.TestSubtractionWithPositiveNumbers()[pri:1, instance:QKTraining.CalcilatorAPIDemo.TestingSubtractionTestCases@4a668b6e]" name="TestSubtractionWithPositiveNumbers" class="QKTraining.CalcilatorAPIDemo.TestingSubtractionTestCases"/>
      </group> <!-- RegressionTest -->
    </groups>
    <test started-at="2021-05-15T10:39:25 IST" name="Default test" finished-at="2021-05-15T10:39:26 IST" duration-ms="123">
      <class name="QKTraining.CalcilatorAPIDemo.TestingSubtractionTestCases">
        <test-method is-config="true" signature="Init()[pri:0, instance:QKTraining.CalcilatorAPIDemo.TestingSubtractionTestCases@4a668b6e]" started-at="2021-05-15T10:39:25 IST" name="Init" finished-at="2021-05-15T10:39:25 IST" duration-ms="18" status="PASS">
          <reporter-output>
          </reporter-output>
        </test-method> <!-- Init -->
        <test-method is-config="true" signature="ReInitialise()[pri:0, instance:QKTraining.CalcilatorAPIDemo.TestingSubtractionTestCases@4a668b6e]" started-at="2021-05-15T10:39:25 IST" name="ReInitialise" finished-at="2021-05-15T10:39:25 IST" duration-ms="0" status="PASS">
          <reporter-output>
          </reporter-output>
        </test-method> <!-- ReInitialise -->
        <test-method signature="TestSubtractionWithPositiveNumbers()[pri:1, instance:QKTraining.CalcilatorAPIDemo.TestingSubtractionTestCases@4a668b6e]" started-at="2021-05-15T10:39:25 IST" name="TestSubtractionWithPositiveNumbers" finished-at="2021-05-15T10:39:26 IST" duration-ms="14" status="PASS">
          <reporter-output>
          </reporter-output>
        </test-method> <!-- TestSubtractionWithPositiveNumbers -->
        <test-method is-config="true" signature="ReInitialise()[pri:0, instance:QKTraining.CalcilatorAPIDemo.TestingSubtractionTestCases@4a668b6e]" started-at="2021-05-15T10:39:26 IST" name="ReInitialise" finished-at="2021-05-15T10:39:26 IST" duration-ms="2" status="PASS">
          <reporter-output>
          </reporter-output>
        </test-method> <!-- ReInitialise -->
        <test-method signature="TestSubtractionWith1Positive1NegativeNumber()[pri:2, instance:QKTraining.CalcilatorAPIDemo.TestingSubtractionTestCases@4a668b6e]" started-at="2021-05-15T10:39:26 IST" name="TestSubtractionWith1Positive1NegativeNumber" finished-at="2021-05-15T10:39:26 IST" duration-ms="2" status="PASS">
          <reporter-output>
          </reporter-output>
        </test-method> <!-- TestSubtractionWith1Positive1NegativeNumber -->
        <test-method is-config="true" signature="TearDown()[pri:0, instance:QKTraining.CalcilatorAPIDemo.TestingSubtractionTestCases@4a668b6e]" started-at="2021-05-15T10:39:26 IST" name="TearDown" finished-at="2021-05-15T10:39:26 IST" duration-ms="1" status="PASS">
          <reporter-output>
          </reporter-output>
        </test-method> <!-- TearDown -->
      </class> <!-- QKTraining.CalcilatorAPIDemo.TestingSubtractionTestCases -->
    </test> <!-- Default test -->
  </suite> <!-- Default suite -->
</testng-results>
