<?xml version="1.0" encoding="UTF-8"?>
<!-- Generated by org.testng.reporters.JUnitXMLReporter -->
<testsuite ignored="0" hostname="DESKTOP-USC532Q" failures="0" tests="2" name="AdditionTestCases" time="0.085" errors="0" timestamp="2021-05-18T13:01:39 IST">
  <testcase classname="QKTraining.CalcilatorAPIDemo.AdditionTestCases" name="TestAdditionWithPositiveNumbers" time="0.012"/>
  <testcase classname="QKTraining.CalcilatorAPIDemo.AdditionTestCases" name="TestAdditionWithZeros" time="0.002"/>
</testsuite> <!-- AdditionTestCases -->
