<?xml version="1.0" encoding="UTF-8"?>
<!-- Generated by org.testng.reporters.JUnitXMLReporter -->
<testsuite ignored="0" hostname="DESKTOP-USC532Q" failures="0" tests="2" name="AdditionTestCases" time="0.146" errors="0" timestamp="2021-05-18T12:11:45 IST">
  <testcase classname="QKTraining.CalcilatorAPIDemo.AdditionTestCases" name="@BeforeClass Init" time="-1.621320105038E9">
    <skipped/>
  </testcase> <!-- @BeforeClass Init -->
  <testcase classname="QKTraining.CalcilatorAPIDemo.AdditionTestCases" name="@BeforeMethod ReInitialiseResultVar" time="-1.621320105082E9">
    <skipped/>
  </testcase> <!-- @BeforeMethod ReInitialiseResultVar -->
  <testcase classname="QKTraining.CalcilatorAPIDemo.AdditionTestCases" name="@BeforeMethod ReInitialiseResultVar" time="-1.621320105108E9">
    <skipped/>
  </testcase> <!-- @BeforeMethod ReInitialiseResultVar -->
  <testcase classname="QKTraining.CalcilatorAPIDemo.AdditionTestCases" name="@AfterClass TearDown" time="-1.621320105127E9">
    <skipped/>
  </testcase> <!-- @AfterClass TearDown -->
  <testcase classname="QKTraining.CalcilatorAPIDemo.AdditionTestCases" name="TestAdditionWithPositiveNumbers" time="0.0">
    <skipped/>
  </testcase> <!-- TestAdditionWithPositiveNumbers -->
  <testcase classname="QKTraining.CalcilatorAPIDemo.AdditionTestCases" name="TestAdditionWithZeros" time="0.0">
    <skipped/>
  </testcase> <!-- TestAdditionWithZeros -->
</testsuite> <!-- AdditionTestCases -->
