<?xml version="1.0" encoding="UTF-8"?>
<!-- Generated by org.testng.reporters.JUnitXMLReporter -->
<testsuite ignored="0" hostname="DESKTOP-USC532Q" failures="0" tests="4" name="MultiplicationTestCases" time="0.106" errors="0" timestamp="2021-05-18T12:11:45 IST">
  <testcase classname="QKTraining.CalcilatorAPIDemo.TestMultiplication" name="@BeforeSuite CreateResultFolder" time="-1.621320104951E9">
    <failure type="org.testng.TestNGException" message="
Parameter &amp;apos;RequestID&amp;apos; is required by BeforeSuite on method CreateResultFolder but has not been marked @Optional or defined
in C:\Users\Rutuja\Desktop\gitClone\CICDDemo\AllTestCases.xml">
      <![CDATA[org.testng.TestNGException: 
Parameter 'RequestID' is required by BeforeSuite on method CreateResultFolder but has not been marked @Optional or defined
in C:\Users\Rutuja\Desktop\gitClone\CICDDemo\AllTestCases.xml
... Removed 16 stack frames]]>
    </failure>
  </testcase> <!-- @BeforeSuite CreateResultFolder -->
  <testcase classname="QKTraining.CalcilatorAPIDemo.TestMultiplication" name="@BeforeClass Init" time="-1.621320105359E9">
    <skipped/>
  </testcase> <!-- @BeforeClass Init -->
  <testcase classname="QKTraining.CalcilatorAPIDemo.TestMultiplication" name="@BeforeMethod ReInitialiseResult" time="-1.621320105376E9">
    <skipped/>
  </testcase> <!-- @BeforeMethod ReInitialiseResult -->
  <testcase classname="QKTraining.CalcilatorAPIDemo.TestMultiplication" name="@BeforeMethod ReInitialiseResult" time="-1.621320105391E9">
    <skipped/>
  </testcase> <!-- @BeforeMethod ReInitialiseResult -->
  <testcase classname="QKTraining.CalcilatorAPIDemo.TestMultiplication" name="@BeforeMethod ReInitialiseResult" time="-1.62132010542E9">
    <skipped/>
  </testcase> <!-- @BeforeMethod ReInitialiseResult -->
  <testcase classname="QKTraining.CalcilatorAPIDemo.TestMultiplication" name="@BeforeMethod ReInitialiseResult" time="-1.621320105442E9">
    <skipped/>
  </testcase> <!-- @BeforeMethod ReInitialiseResult -->
  <testcase classname="QKTraining.CalcilatorAPIDemo.TestMultiplication" name="TestMultiplicationWithPositiveValues" time="0.0">
    <skipped/>
  </testcase> <!-- TestMultiplicationWithPositiveValues -->
  <testcase classname="QKTraining.CalcilatorAPIDemo.TestMultiplication" name="TestMultiplicationWithPositiveValues" time="0.0">
    <skipped/>
  </testcase> <!-- TestMultiplicationWithPositiveValues -->
  <testcase classname="QKTraining.CalcilatorAPIDemo.TestMultiplication" name="TestMultiplicationWithPositiveValues" time="0.0">
    <skipped/>
  </testcase> <!-- TestMultiplicationWithPositiveValues -->
  <testcase classname="QKTraining.CalcilatorAPIDemo.TestMultiplication" name="TestMultiplicationWithPositiveValues" time="0.0">
    <skipped/>
  </testcase> <!-- TestMultiplicationWithPositiveValues -->
</testsuite> <!-- MultiplicationTestCases -->
