<?xml version="1.0" encoding="UTF-8"?>
<!-- Generated by org.testng.reporters.JUnitXMLReporter -->
<testsuite ignored="0" hostname="DESKTOP-USC532Q" failures="0" tests="4" name="MultiplicationTestCases" time="0.046" errors="0" timestamp="2021-05-18T13:01:39 IST">
  <testcase classname="QKTraining.CalcilatorAPIDemo.TestMultiplication" name="TestMultiplicationWithPositiveValues" time="0.003"/>
  <testcase classname="QKTraining.CalcilatorAPIDemo.TestMultiplication" name="TestMultiplicationWithPositiveValues" time="0.002"/>
  <testcase classname="QKTraining.CalcilatorAPIDemo.TestMultiplication" name="TestMultiplicationWithPositiveValues" time="0.008"/>
  <testcase classname="QKTraining.CalcilatorAPIDemo.TestMultiplication" name="TestMultiplicationWithPositiveValues" time="0.005"/>
</testsuite> <!-- MultiplicationTestCases -->
