<?xml version="1.0" encoding="UTF-8"?>
<!-- Generated by org.testng.reporters.JUnitXMLReporter -->
<testsuite ignored="0" hostname="DESKTOP-USC532Q" failures="0" tests="2" name="SubtractionTestCases" time="0.027" errors="0" timestamp="2021-05-17T11:13:12 IST">
  <testcase classname="QKTraining.CalcilatorAPIDemo.TestingSubtractionTestCases" name="TestSubtractionWithPositiveNumbers" time="0.002"/>
  <testcase classname="QKTraining.CalcilatorAPIDemo.TestingSubtractionTestCases" name="TestSubtractionWith1Positive1NegativeNumber" time="0.005"/>
</testsuite> <!-- SubtractionTestCases -->
